# JRE version: Java(TM) SE Runtime Environment (8.0_181-b13) (build 1.8.0_181-b13)
# Java VM: Java HotSpot(TM) 64-Bit Server VM (25.181-b13 mixed mode windows-amd64 compressed oops)
Heap:
 PSYoungGen      total 44544K, used 26877K [0x000000076af00000, 0x000000076e600000, 0x00000007c0000000)
  eden space 44032K, 60% used [0x000000076af00000,0x000000076c907560,0x000000076da00000)
  from space 512K, 43% used [0x000000076da80000,0x000000076dab8000,0x000000076db00000)
  to   space 6144K, 0% used [0x000000076e000000,0x000000076e000000,0x000000076e600000)
 ParOldGen       total 142848K, used 58905K [0x00000006c0c00000, 0x00000006c9780000, 0x000000076af00000)
  object space 142848K, 41% used [0x00000006c0c00000,0x00000006c4586708,0x00000006c9780000)
 Metaspace       used 176689K, capacity 183958K, committed 186240K, reserved 1218560K
  class space    used 15354K, capacity 16853K, committed 17024K, reserved 1048576K
GC Heap History (10 events):
Event: 90366.997 GC heap before
{Heap before GC invocations=7527 (full 40):
 PSYoungGen      total 53248K, used 47040K [0x000000076af00000, 0x000000076eb80000, 0x00000007c0000000)
  eden space 46592K, 100% used [0x000000076af00000,0x000000076dc80000,0x000000076dc80000)
  from space 6656K, 6% used [0x000000076e500000,0x000000076e570000,0x000000076eb80000)
  to   space 7680K, 0% used [0x000000076dc80000,0x000000076dc80000,0x000000076e400000)
 ParOldGen       total 142848K, used 58873K [0x00000006c0c00000, 0x00000006c9780000, 0x000000076af00000)
  object space 142848K, 41% used [0x00000006c0c00000,0x00000006c457e708,0x00000006c9780000)
 Metaspace       used 175747K, capacity 183414K, committed 186240K, reserved 1218560K
  class space    used 15310K, capacity 16821K, committed 17024K, reserved 1048576K
Event: 90367.000 GC heap after
Heap after GC invocations=7527 (full 40):
 PSYoungGen      total 46592K, used 208K [0x000000076af00000, 0x000000076eb00000, 0x00000007c0000000)
  eden space 46080K, 0% used [0x000000076af00000,0x000000076af00000,0x000000076dc00000)
  from space 512K, 40% used [0x000000076dc80000,0x000000076dcb4010,0x000000076dd00000)
  to   space 7680K, 0% used [0x000000076e380000,0x000000076e380000,0x000000076eb00000)
 ParOldGen       total 142848K, used 58897K [0x00000006c0c00000, 0x00000006c9780000, 0x000000076af00000)
  object space 142848K, 41% used [0x00000006c0c00000,0x00000006c4584708,0x00000006c9780000)
 Metaspace       used 175747K, capacity 183414K, committed 186240K, reserved 1218560K
  class space    used 15310K, capacity 16821K, committed 17024K, reserved 1048576K
}
Event: 90382.618 GC heap before
{Heap before GC invocations=7528 (full 40):
 PSYoungGen      total 46592K, used 46288K [0x000000076af00000, 0x000000076eb00000, 0x00000007c0000000)
  eden space 46080K, 100% used [0x000000076af00000,0x000000076dc00000,0x000000076dc00000)
  from space 512K, 40% used [0x000000076dc80000,0x000000076dcb4010,0x000000076dd00000)
  to   space 7680K, 0% used [0x000000076e380000,0x000000076e380000,0x000000076eb00000)
 ParOldGen       total 142848K, used 58897K [0x00000006c0c00000, 0x00000006c9780000, 0x000000076af00000)
  object space 142848K, 41% used [0x00000006c0c00000,0x00000006c4584708,0x00000006c9780000)
 Metaspace       used 175747K, capacity 183414K, committed 186240K, reserved 1218560K
  class space    used 15310K, capacity 16821K, committed 17024K, reserved 1048576K
Event: 90382.621 GC heap after
Heap after GC invocations=7528 (full 40):
 PSYoungGen      total 51712K, used 320K [0x000000076af00000, 0x000000076e980000, 0x00000007c0000000)
  eden space 45568K, 0% used [0x000000076af00000,0x000000076af00000,0x000000076db80000)
  from space 6144K, 5% used [0x000000076e380000,0x000000076e3d0000,0x000000076e980000)
  to   space 7168K, 0% used [0x000000076db80000,0x000000076db80000,0x000000076e280000)
 ParOldGen       total 142848K, used 58897K [0x00000006c0c00000, 0x00000006c9780000, 0x000000076af00000)
  object space 142848K, 41% used [0x00000006c0c00000,0x00000006c4584708,0x00000006c9780000)
 Metaspace       used 175747K, capacity 183414K, committed 186240K, reserved 1218560K
  class space    used 15310K, capacity 16821K, committed 17024K, reserved 1048576K
}
Event: 90397.999 GC heap before
{Heap before GC invocations=7529 (full 40):
 PSYoungGen      total 51712K, used 45888K [0x000000076af00000, 0x000000076e980000, 0x00000007c0000000)
  eden space 45568K, 100% used [0x000000076af00000,0x000000076db80000,0x000000076db80000)
  from space 6144K, 5% used [0x000000076e380000,0x000000076e3d0000,0x000000076e980000)
  to   space 7168K, 0% used [0x000000076db80000,0x000000076db80000,0x000000076e280000)
 ParOldGen       total 142848K, used 58897K [0x00000006c0c00000, 0x00000006c9780000, 0x000000076af00000)
  object space 142848K, 41% used [0x00000006c0c00000,0x00000006c4584708,0x00000006c9780000)
 Metaspace       used 175747K, capacity 183414K, committed 186240K, reserved 1218560K
  class space    used 15310K, capacity 16821K, committed 17024K, reserved 1048576K
Event: 90398.002 GC heap after
Heap after GC invocations=7529 (full 40):
 PSYoungGen      total 45568K, used 208K [0x000000076af00000, 0x000000076e800000, 0x00000007c0000000)
  eden space 45056K, 0% used [0x000000076af00000,0x000000076af00000,0x000000076db00000)
  from space 512K, 40% used [0x000000076db80000,0x000000076dbb4010,0x000000076dc00000)
  to   space 6656K, 0% used [0x000000076e180000,0x000000076e180000,0x000000076e800000)
 ParOldGen       total 142848K, used 58897K [0x00000006c0c00000, 0x00000006c9780000, 0x000000076af00000)
  object space 142848K, 41% used [0x00000006c0c00000,0x00000006c4584708,0x00000006c9780000)
 Metaspace       used 175747K, capacity 183414K, committed 186240K, reserved 1218560K
  class space    used 15310K, capacity 16821K, committed 17024K, reserved 1048576K
}
Event: 90413.754 GC heap before
{Heap before GC invocations=7530 (full 40):
 PSYoungGen      total 45568K, used 45264K [0x000000076af00000, 0x000000076e800000, 0x00000007c0000000)
  eden space 45056K, 100% used [0x000000076af00000,0x000000076db00000,0x000000076db00000)
  from space 512K, 40% used [0x000000076db80000,0x000000076dbb4010,0x000000076dc00000)
  to   space 6656K, 0% used [0x000000076e180000,0x000000076e180000,0x000000076e800000)
 ParOldGen       total 142848K, used 58897K [0x00000006c0c00000, 0x00000006c9780000, 0x000000076af00000)
  object space 142848K, 41% used [0x00000006c0c00000,0x00000006c4584708,0x00000006c9780000)
 Metaspace       used 175747K, capacity 183414K, committed 186240K, reserved 1218560K
  class space    used 15310K, capacity 16821K, committed 17024K, reserved 1048576K
Event: 90413.757 GC heap after
Heap after GC invocations=7530 (full 40):
 PSYoungGen      total 50688K, used 240K [0x000000076af00000, 0x000000076e780000, 0x00000007c0000000)
  eden space 44544K, 0% used [0x000000076af00000,0x000000076af00000,0x000000076da80000)
  from space 6144K, 3% used [0x000000076e180000,0x000000076e1bc010,0x000000076e780000)
  to   space 6656K, 0% used [0x000000076da80000,0x000000076da80000,0x000000076e100000)
 ParOldGen       total 142848K, used 58897K [0x00000006c0c00000, 0x00000006c9780000, 0x000000076af00000)
  object space 142848K, 41% used [0x00000006c0c00000,0x00000006c4584708,0x00000006c9780000)
 Metaspace       used 175747K, capacity 183414K, committed 186240K, reserved 1218560K
  class space    used 15310K, capacity 16821K, committed 17024K, reserved 1048576K
}
Event: 90428.854 GC heap before
{Heap before GC invocations=7531 (full 40):
 PSYoungGen      total 50688K, used 44784K [0x000000076af00000, 0x000000076e780000, 0x00000007c0000000)
  eden space 44544K, 100% used [0x000000076af00000,0x000000076da80000,0x000000076da80000)
  from space 6144K, 3% used [0x000000076e180000,0x000000076e1bc010,0x000000076e780000)
  to   space 6656K, 0% used [0x000000076da80000,0x000000076da80000,0x000000076e100000)
 ParOldGen       total 142848K, used 58897K [0x00000006c0c00000, 0x00000006c9780000, 0x000000076af00000)
  object space 142848K, 41% used [0x00000006c0c00000,0x00000006c4584708,0x00000006c9780000)
 Metaspace       used 175747K, capacity 183414K, committed 186240K, reserved 1218560K
  class space    used 15310K, capacity 16821K, committed 17024K, reserved 1048576K
Event: 90428.857 GC heap after
Heap after GC invocations=7531 (full 40):
 PSYoungGen      total 44544K, used 224K [0x000000076af00000, 0x000000076e600000, 0x00000007c0000000)
  eden space 44032K, 0% used [0x000000076af00000,0x000000076af00000,0x000000076da00000)
  from space 512K, 43% used [0x000000076da80000,0x000000076dab8000,0x000000076db00000)
  to   space 6144K, 0% used [0x000000076e000000,0x000000076e000000,0x000000076e600000)
 ParOldGen       total 142848K, used 58905K [0x00000006c0c00000, 0x00000006c9780000, 0x000000076af00000)
  object space 142848K, 41% used [0x00000006c0c00000,0x00000006c4586708,0x00000006c9780000)
 Metaspace       used 175747K, capacity 183414K, committed 186240K, reserved 1218560K
  class space    used 15310K, capacity 16821K, committed 17024K, reserved 1048576K
}

