# JRE version: Java(TM) SE Runtime Environment (8.0_181-b13) (build 1.8.0_181-b13)
# Java VM: Java HotSpot(TM) 64-Bit Server VM (25.181-b13 mixed mode windows-amd64 compressed oops)
Heap:
 PSYoungGen      total 455168K, used 143972K [0x000000076af00000, 0x0000000788580000, 0x00000007c0000000)
  eden space 442368K, 29% used [0x000000076af00000,0x0000000772f1d998,0x0000000785f00000)
  from space 12800K, 99% used [0x0000000787900000,0x000000078857b8f0,0x0000000788580000)
  to   space 15872K, 0% used [0x0000000786680000,0x0000000786680000,0x0000000787600000)
 ParOldGen       total 97792K, used 17525K [0x00000006c0c00000, 0x00000006c6b80000, 0x000000076af00000)
  object space 97792K, 17% used [0x00000006c0c00000,0x00000006c1d1d790,0x00000006c6b80000)
 Metaspace       used 49636K, capacity 51892K, committed 52224K, reserved 1095680K
  class space    used 6169K, capacity 6578K, committed 6656K, reserved 1048576K
GC Heap History (10 events):
Event: 2.097 GC heap before
{Heap before GC invocations=6 (full 1):
 PSYoungGen      total 141824K, used 131072K [0x000000076af00000, 0x0000000774400000, 0x00000007c0000000)
  eden space 131072K, 100% used [0x000000076af00000,0x0000000772f00000,0x0000000772f00000)
  from space 10752K, 0% used [0x0000000773980000,0x0000000773980000,0x0000000774400000)
  to   space 10752K, 0% used [0x0000000772f00000,0x0000000772f00000,0x0000000773980000)
 ParOldGen       total 76800K, used 5453K [0x00000006c0c00000, 0x00000006c5700000, 0x000000076af00000)
  object space 76800K, 7% used [0x00000006c0c00000,0x00000006c1153708,0x00000006c5700000)
 Metaspace       used 25762K, capacity 26728K, committed 26752K, reserved 1073152K
  class space    used 3472K, capacity 3704K, committed 3712K, reserved 1048576K
Event: 2.103 GC heap after
Heap after GC invocations=6 (full 1):
 PSYoungGen      total 141824K, used 8524K [0x000000076af00000, 0x000000077b580000, 0x00000007c0000000)
  eden space 131072K, 0% used [0x000000076af00000,0x000000076af00000,0x0000000772f00000)
  from space 10752K, 79% used [0x0000000772f00000,0x00000007737533f8,0x0000000773980000)
  to   space 10240K, 0% used [0x000000077ab80000,0x000000077ab80000,0x000000077b580000)
 ParOldGen       total 76800K, used 5461K [0x00000006c0c00000, 0x00000006c5700000, 0x000000076af00000)
  object space 76800K, 7% used [0x00000006c0c00000,0x00000006c1155708,0x00000006c5700000)
 Metaspace       used 25762K, capacity 26728K, committed 26752K, reserved 1073152K
  class space    used 3472K, capacity 3704K, committed 3712K, reserved 1048576K
}
Event: 2.993 GC heap before
{Heap before GC invocations=7 (full 1):
 PSYoungGen      total 141824K, used 139596K [0x000000076af00000, 0x000000077b580000, 0x00000007c0000000)
  eden space 131072K, 100% used [0x000000076af00000,0x0000000772f00000,0x0000000772f00000)
  from space 10752K, 79% used [0x0000000772f00000,0x00000007737533f8,0x0000000773980000)
  to   space 10240K, 0% used [0x000000077ab80000,0x000000077ab80000,0x000000077b580000)
 ParOldGen       total 76800K, used 5461K [0x00000006c0c00000, 0x00000006c5700000, 0x000000076af00000)
  object space 76800K, 7% used [0x00000006c0c00000,0x00000006c1155708,0x00000006c5700000)
 Metaspace       used 32082K, capacity 33726K, committed 33920K, reserved 1079296K
  class space    used 4331K, capacity 4671K, committed 4736K, reserved 1048576K
Event: 3.003 GC heap after
Heap after GC invocations=7 (full 1):
 PSYoungGen      total 254976K, used 10214K [0x000000076af00000, 0x000000077b800000, 0x00000007c0000000)
  eden space 244736K, 0% used [0x000000076af00000,0x000000076af00000,0x0000000779e00000)
  from space 10240K, 99% used [0x000000077ab80000,0x000000077b5799d0,0x000000077b580000)
  to   space 13312K, 0% used [0x0000000779e00000,0x0000000779e00000,0x000000077ab00000)
 ParOldGen       total 76800K, used 8949K [0x00000006c0c00000, 0x00000006c5700000, 0x000000076af00000)
  object space 76800K, 11% used [0x00000006c0c00000,0x00000006c14bd7f0,0x00000006c5700000)
 Metaspace       used 32082K, capacity 33726K, committed 33920K, reserved 1079296K
  class space    used 4331K, capacity 4671K, committed 4736K, reserved 1048576K
}
Event: 3.062 GC heap before
{Heap before GC invocations=8 (full 1):
 PSYoungGen      total 254976K, used 21803K [0x000000076af00000, 0x000000077b800000, 0x00000007c0000000)
  eden space 244736K, 4% used [0x000000076af00000,0x000000076ba51350,0x0000000779e00000)
  from space 10240K, 99% used [0x000000077ab80000,0x000000077b5799d0,0x000000077b580000)
  to   space 13312K, 0% used [0x0000000779e00000,0x0000000779e00000,0x000000077ab00000)
 ParOldGen       total 76800K, used 8949K [0x00000006c0c00000, 0x00000006c5700000, 0x000000076af00000)
  object space 76800K, 11% used [0x00000006c0c00000,0x00000006c14bd7f0,0x00000006c5700000)
 Metaspace       used 33644K, capacity 35294K, committed 35456K, reserved 1079296K
  class space    used 4555K, capacity 4895K, committed 4992K, reserved 1048576K
Event: 3.068 GC heap after
Heap after GC invocations=8 (full 1):
 PSYoungGen      total 258048K, used 8062K [0x000000076af00000, 0x0000000788580000, 0x00000007c0000000)
  eden space 244736K, 0% used [0x000000076af00000,0x000000076af00000,0x0000000779e00000)
  from space 13312K, 60% used [0x0000000779e00000,0x000000077a5dfb38,0x000000077ab00000)
  to   space 12800K, 0% used [0x0000000787900000,0x0000000787900000,0x0000000788580000)
 ParOldGen       total 76800K, used 8949K [0x00000006c0c00000, 0x00000006c5700000, 0x000000076af00000)
  object space 76800K, 11% used [0x00000006c0c00000,0x00000006c14bd7f0,0x00000006c5700000)
 Metaspace       used 33644K, capacity 35294K, committed 35456K, reserved 1079296K
  class space    used 4555K, capacity 4895K, committed 4992K, reserved 1048576K
}
Event: 3.068 GC heap before
{Heap before GC invocations=9 (full 2):
 PSYoungGen      total 258048K, used 8062K [0x000000076af00000, 0x0000000788580000, 0x00000007c0000000)
  eden space 244736K, 0% used [0x000000076af00000,0x000000076af00000,0x0000000779e00000)
  from space 13312K, 60% used [0x0000000779e00000,0x000000077a5dfb38,0x000000077ab00000)
  to   space 12800K, 0% used [0x0000000787900000,0x0000000787900000,0x0000000788580000)
 ParOldGen       total 76800K, used 8949K [0x00000006c0c00000, 0x00000006c5700000, 0x000000076af00000)
  object space 76800K, 11% used [0x00000006c0c00000,0x00000006c14bd7f0,0x00000006c5700000)
 Metaspace       used 33644K, capacity 35294K, committed 35456K, reserved 1079296K
  class space    used 4555K, capacity 4895K, committed 4992K, reserved 1048576K
Event: 3.098 GC heap after
Heap after GC invocations=9 (full 2):
 PSYoungGen      total 258048K, used 0K [0x000000076af00000, 0x0000000788580000, 0x00000007c0000000)
  eden space 244736K, 0% used [0x000000076af00000,0x000000076af00000,0x0000000779e00000)
  from space 13312K, 0% used [0x0000000779e00000,0x0000000779e00000,0x000000077ab00000)
  to   space 12800K, 0% used [0x0000000787900000,0x0000000787900000,0x0000000788580000)
 ParOldGen       total 97792K, used 13287K [0x00000006c0c00000, 0x00000006c6b80000, 0x000000076af00000)
  object space 97792K, 13% used [0x00000006c0c00000,0x00000006c18f9f68,0x00000006c6b80000)
 Metaspace       used 33644K, capacity 35294K, committed 35456K, reserved 1079296K
  class space    used 4555K, capacity 4895K, committed 4992K, reserved 1048576K
}
Event: 9.111 GC heap before
{Heap before GC invocations=10 (full 2):
 PSYoungGen      total 258048K, used 244736K [0x000000076af00000, 0x0000000788580000, 0x00000007c0000000)
  eden space 244736K, 100% used [0x000000076af00000,0x0000000779e00000,0x0000000779e00000)
  from space 13312K, 0% used [0x0000000779e00000,0x0000000779e00000,0x000000077ab00000)
  to   space 12800K, 0% used [0x0000000787900000,0x0000000787900000,0x0000000788580000)
 ParOldGen       total 97792K, used 13287K [0x00000006c0c00000, 0x00000006c6b80000, 0x000000076af00000)
  object space 97792K, 13% used [0x00000006c0c00000,0x00000006c18f9f68,0x00000006c6b80000)
 Metaspace       used 45916K, capacity 48114K, committed 48256K, reserved 1091584K
  class space    used 5850K, capacity 6268K, committed 6272K, reserved 1048576K
Event: 9.122 GC heap after
Heap after GC invocations=10 (full 2):
 PSYoungGen      total 455168K, used 12782K [0x000000076af00000, 0x0000000788580000, 0x00000007c0000000)
  eden space 442368K, 0% used [0x000000076af00000,0x000000076af00000,0x0000000785f00000)
  from space 12800K, 99% used [0x0000000787900000,0x000000078857b8f0,0x0000000788580000)
  to   space 15872K, 0% used [0x0000000786680000,0x0000000786680000,0x0000000787600000)
 ParOldGen       total 97792K, used 17525K [0x00000006c0c00000, 0x00000006c6b80000, 0x000000076af00000)
  object space 97792K, 17% used [0x00000006c0c00000,0x00000006c1d1d790,0x00000006c6b80000)
 Metaspace       used 45916K, capacity 48114K, committed 48256K, reserved 1091584K
  class space    used 5850K, capacity 6268K, committed 6272K, reserved 1048576K
}

